MPASM 5.87                          MAIN.ASM   6-2-2020  22:05:27         PAGE  1


LOC  OBJECT CODE     LINE SOURCE TEXT
  VALUE

                      00001 #INCLUDE <P16F84A.INC>
                      00001         LIST
                      00002 
                      00003 ;==========================================================================
                      00004 ; Build date : Jan 06 2020
                      00005 ;  MPASM PIC16F84A processor include
                      00006 ; 
                      00007 ;  (c) Copyright 1999-2020 Microchip Technology, All rights reserved
                      00008 ;==========================================================================
                      00009 
                      00209         LIST
Warning[205]: Found directive in column 1. (LIST)
                      00002 LIST P=16F84A
                      00003     
Warning[205]: Found directive in column 1. (ORG)
                      00004 ORG 0
0000   1683           00005     BSF     STATUS,5        ;BANCO 1
Message[302]: Register in operand not in bank 0.  Ensure that bank bits are correct.
0001   0186           00006     CLRF    TRISB           ;TODO SALIDA
Message[302]: Register in operand not in bank 0.  Ensure that bank bits are correct.
0002   1405           00007     BSF     TRISA,0         ;A0 ENTRADA
0003   1283           00008     BCF     STATUS,5        ;BANCO 0
                      00009     
0004   0186           00010     CLRF    PORTB           ;LIMPIA PUERTO B
                      00011     
0005                  00012 PROCESO:
0005   1C05           00013     BTFSS   PORTA,0         ;A0=1?
0006   2???           00014     GOTO    PROCESO         ;SI FALSO
0007   2???           00015     CALL    CONFIRMACION    ;SI VERDADERO
0008   2???           00016     CALL    PRUEBAC
0009   2???           00017     GOTO    PROCESO
                      00018     
000A                  00019 CONFIRMACION:
000A   1805           00020     BTFSC   PORTA,0         ;PREGUNTA SI NO SE PULSO A0 ;SE COMPORTA COMO UN ANTIRREBOTE
000B   2???           00021     GOTO    CONFIRMACION    ;FALSO VUELVE A PREGUNTAR   ;
000C   2???           00022     CALL    AUMENTAR        ;VERDADERO
000D   0008           00023     RETURN
                      00024     
000E                  00025 AUMENTAR:
000E   3001           00026     MOVLW   D'1'            ;GUARDA EL VALOR DE 1 EN W
000F   0786           00027     ADDWF   PORTB,1         ;SUMA EL VALOR DE W EN F (EL PUERTO B)
0010   0008           00028     RETURN                  ;VUELVE
                      00029       
0011                  00030 PRUEBAC:
0011   30F6           00031     MOVLW   D'246'          ;CARGAR EL VALOR DE DESBORDAMIENTO 255-246
0012   0706           00032     ADDWF   PORTB,0         ;CON EL ,0 GUARDA EL VALOR EN LA VARIABLE W
0013   1C03           00033     BTFSS   STATUS,C        ;DETECTA EL ACARREO ES DECIR QUE CUANDO PASE DE 255 C=1
0014   0008           00034     RETURN                  ;VUELVE
0015   39F0           00035     ANDLW   0XF0            ;LIMPIA EL PUERTO EN LA PARTE BAJA
Message[305]: Using default destination of 1 (file).
0016   0586           00036     ANDWF   PORTB           ;ELIJE EL PUERTO B
0017   0008           00037     RETURN                  ;VUELVE 
                      00038    
MPASM 5.87                          MAIN.ASM   6-2-2020  22:05:27         PAGE  2


LOC  OBJECT CODE     LINE SOURCE TEXT
  VALUE

Warning[205]: Found directive in column 1. (END)
                      00039 END
MPASM 5.87                          MAIN.ASM   6-2-2020  22:05:27         PAGE  3


SYMBOL TABLE
  LABEL                             VALUE 

AUMENTAR                          0000000E
C                                 00000000
CONFIRMACION                      0000000A
DC                                00000001
EEADR                             00000009
EECON1                            00000088
EECON2                            00000089
EEDATA                            00000008
EEIE                              00000006
EEIF                              00000004
F                                 00000001
FSR                               00000004
GIE                               00000007
INDF                              00000000
INTCON                            0000000B
INTE                              00000004
INTEDG                            00000006
INTF                              00000001
IRP                               00000007
NOT_PD                            00000003
NOT_RBPU                          00000007
NOT_TO                            00000004
OPTION_REG                        00000081
PCL                               00000002
PCLATH                            0000000A
PORTA                             00000005
PORTB                             00000006
PROCESO                           00000005
PRUEBAC                           00000011
PS0                               00000000
PS1                               00000001
PS2                               00000002
PSA                               00000003
RA0                               00000000
RA1                               00000001
RA2                               00000002
RA3                               00000003
RA4                               00000004
RB0                               00000000
RB1                               00000001
RB2                               00000002
RB3                               00000003
RB4                               00000004
RB5                               00000005
RB6                               00000006
RB7                               00000007
RBIE                              00000003
RBIF                              00000000
RD                                00000000
RP0                               00000005
RP1                               00000006
STATUS                            00000003
T0CS                              00000005
MPASM 5.87                          MAIN.ASM   6-2-2020  22:05:27         PAGE  4


SYMBOL TABLE
  LABEL                             VALUE 

T0IE                              00000005
T0IF                              00000002
T0SE                              00000004
TMR0                              00000001
TMR0IE                            00000005
TMR0IF                            00000002
TRISA                             00000085
TRISA0                            00000000
TRISA1                            00000001
TRISA2                            00000002
TRISA3                            00000003
TRISA4                            00000004
TRISB                             00000086
TRISB0                            00000000
TRISB1                            00000001
TRISB2                            00000002
TRISB3                            00000003
TRISB4                            00000004
TRISB5                            00000005
TRISB6                            00000006
TRISB7                            00000007
W                                 00000000
WR                                00000001
WREN                              00000002
WRERR                             00000003
Z                                 00000002
_CONFIG                           00002007
_CP_OFF                           00003FFF
_CP_ON                            0000000F
_DEVID1                           00002006
_FOSC_EXTRC                       00003FFF
_FOSC_HS                          00003FFE
_FOSC_LP                          00003FFC
_FOSC_XT                          00003FFD
_HS_OSC                           00003FFE
_IDLOC0                           00002000
_IDLOC1                           00002001
_IDLOC2                           00002002
_IDLOC3                           00002003
_LP_OSC                           00003FFC
_PWRTE_OFF                        00003FFF
_PWRTE_ON                         00003FF7
_RC_OSC                           00003FFF
_WDTE_OFF                         00003FFB
_WDTE_ON                          00003FFF
_WDT_OFF                          00003FFB
_WDT_ON                           00003FFF
_XT_OSC                           00003FFD
__16F84A                          00000001

MPASM 5.87                          MAIN.ASM   6-2-2020  22:05:27         PAGE  5





Errors   :     0
Warnings :     3 reported,     0 suppressed
Messages :     3 reported,     0 suppressed

