

Microchip MPLAB XC8 Assembler V2.20 build 20200408173844 
                                                                                               Wed Dec 16 12:55:29 2020

Microchip MPLAB XC8 C Compiler v2.20 (Free license) build 20200408173844 Og1 
     1                           	processor	16F887
     2                           	pagewidth 120
     3                           	opt	flic
     4                           	psect	idataBANK0,global,class=CODE,delta=2,noexec
     5                           	psect	cinit,global,class=CODE,merge=1,delta=2
     6                           	psect	bssCOMMON,global,class=COMMON,space=1,delta=1,noexec
     7                           	psect	dataBANK0,global,class=BANK0,space=1,delta=1,noexec
     8                           	psect	cstackCOMMON,global,class=COMMON,space=1,delta=1,noexec
     9                           	psect	cstackBANK0,global,class=BANK0,space=1,delta=1,noexec
    10                           	psect	maintext,global,class=CODE,split=1,delta=2
    11                           	psect	text1,local,class=CODE,merge=1,delta=2
    12                           	psect	text2,local,class=CODE,merge=1,delta=2
    13                           	psect	text3,local,class=CODE,merge=1,delta=2
    14                           	psect	text4,local,class=CODE,merge=1,delta=2
    15                           	psect	text5,local,class=CODE,merge=1,delta=2
    16                           	psect	intentry,global,class=CODE,delta=2
    17                           	psect	text6,local,class=CODE,merge=1,delta=2
    18                           	psect	text7,local,class=CODE,merge=1,delta=2
    19                           	psect	config,global,abs,ovrld,class=CONFIG,space=4,delta=2,noexec
    20                           	dabs	1,0x7E,2
    21  0000                     
    22                           ; Version 2.20
    23                           ; Generated 09/04/2020 GMT
    24                           ; 
    25                           ; Copyright © 2020, Microchip Technology Inc. and its subsidiaries ("Microchip")
    26                           ; All rights reserved.
    27                           ; 
    28                           ; This software is developed by Microchip Technology Inc. and its subsidiaries ("Microch
      +                          ip").
    29                           ; 
    30                           ; Redistribution and use in source and binary forms, with or without modification, are
    31                           ; permitted provided that the following conditions are met:
    32                           ; 
    33                           ;     1. Redistributions of source code must retain the above copyright notice, this lis
      +                          t of
    34                           ;        conditions and the following disclaimer.
    35                           ; 
    36                           ;     2. Redistributions in binary form must reproduce the above copyright notice, this 
      +                          list
    37                           ;        of conditions and the following disclaimer in the documentation and/or other
    38                           ;        materials provided with the distribution.
    39                           ; 
    40                           ;     3. Microchip's name may not be used to endorse or promote products derived from th
      +                          is
    41                           ;        software without specific prior written permission.
    42                           ; 
    43                           ; THIS SOFTWARE IS PROVIDED BY MICROCHIP "AS IS" AND ANY EXPRESS OR IMPLIED WARRANTIES,
    44                           ; INCLUDING, BUT NOT LIMITED TO, THE IMPLIED WARRANTIES OF MERCHANTABILITY AND FITNESS F
      +                          OR
    45                           ; PURPOSE ARE DISCLAIMED.  IN NO EVENT SHALL MICROCHIP BE LIABLE FOR ANY DIRECT, INDIREC
      +                          T,
    46                           ; INCIDENTAL, SPECIAL, EXEMPLARY, OR CONSEQUENTIAL DAMAGES (INCLUDING BUT NOT LIMITED TO
    47                           ; PROCUREMENT OF SUBSTITUTE GOODS OR SERVICES; LOSS OF USE, DATA OR PROFITS; OR BUSINESS
    48                           ; INTERRUPTION) HOWSOEVER CAUSED AND ON ANY THEORY OF LIABILITY, WHETHER IN CONTRACT, ST
      +                          RICT
    49                           ; LIABILITY, OR TORT (INCLUDING NEGLIGENCE OR OTHERWISE) ARISING IN ANY WAY OUT OF THE U
      +                          SE OF
    50                           ; THIS SOFTWARE, EVEN IF ADVISED OF THE POSSIBILITY OF SUCH DAMAGE.
    51                           ; 
    52                           ; 
    53                           ; Code-generator required, PIC16F887 Definitions
    54                           ; 
    55                           ; SFR Addresses
    56  0000                     	;# 
    57  0001                     	;# 
    58  0002                     	;# 
    59  0003                     	;# 
    60  0004                     	;# 
    61  0005                     	;# 
    62  0006                     	;# 
    63  0007                     	;# 
    64  0008                     	;# 
    65  0009                     	;# 
    66  000A                     	;# 
    67  000B                     	;# 
    68  000C                     	;# 
    69  000D                     	;# 
    70  000E                     	;# 
    71  000E                     	;# 
    72  000F                     	;# 
    73  0010                     	;# 
    74  0011                     	;# 
    75  0012                     	;# 
    76  0013                     	;# 
    77  0014                     	;# 
    78  0015                     	;# 
    79  0015                     	;# 
    80  0016                     	;# 
    81  0017                     	;# 
    82  0018                     	;# 
    83  0019                     	;# 
    84  001A                     	;# 
    85  001B                     	;# 
    86  001B                     	;# 
    87  001C                     	;# 
    88  001D                     	;# 
    89  001E                     	;# 
    90  001F                     	;# 
    91  0081                     	;# 
    92  0085                     	;# 
    93  0086                     	;# 
    94  0087                     	;# 
    95  0088                     	;# 
    96  0089                     	;# 
    97  008C                     	;# 
    98  008D                     	;# 
    99  008E                     	;# 
   100  008F                     	;# 
   101  0090                     	;# 
   102  0091                     	;# 
   103  0092                     	;# 
   104  0093                     	;# 
   105  0093                     	;# 
   106  0093                     	;# 
   107  0094                     	;# 
   108  0095                     	;# 
   109  0096                     	;# 
   110  0097                     	;# 
   111  0098                     	;# 
   112  0099                     	;# 
   113  009A                     	;# 
   114  009B                     	;# 
   115  009C                     	;# 
   116  009D                     	;# 
   117  009E                     	;# 
   118  009F                     	;# 
   119  0105                     	;# 
   120  0107                     	;# 
   121  0108                     	;# 
   122  0109                     	;# 
   123  010C                     	;# 
   124  010C                     	;# 
   125  010D                     	;# 
   126  010E                     	;# 
   127  010F                     	;# 
   128  0185                     	;# 
   129  0187                     	;# 
   130  0188                     	;# 
   131  0189                     	;# 
   132  018C                     	;# 
   133  018D                     	;# 
   134  0000                     	;# 
   135  0001                     	;# 
   136  0002                     	;# 
   137  0003                     	;# 
   138  0004                     	;# 
   139  0005                     	;# 
   140  0006                     	;# 
   141  0007                     	;# 
   142  0008                     	;# 
   143  0009                     	;# 
   144  000A                     	;# 
   145  000B                     	;# 
   146  000C                     	;# 
   147  000D                     	;# 
   148  000E                     	;# 
   149  000E                     	;# 
   150  000F                     	;# 
   151  0010                     	;# 
   152  0011                     	;# 
   153  0012                     	;# 
   154  0013                     	;# 
   155  0014                     	;# 
   156  0015                     	;# 
   157  0015                     	;# 
   158  0016                     	;# 
   159  0017                     	;# 
   160  0018                     	;# 
   161  0019                     	;# 
   162  001A                     	;# 
   163  001B                     	;# 
   164  001B                     	;# 
   165  001C                     	;# 
   166  001D                     	;# 
   167  001E                     	;# 
   168  001F                     	;# 
   169  0081                     	;# 
   170  0085                     	;# 
   171  0086                     	;# 
   172  0087                     	;# 
   173  0088                     	;# 
   174  0089                     	;# 
   175  008C                     	;# 
   176  008D                     	;# 
   177  008E                     	;# 
   178  008F                     	;# 
   179  0090                     	;# 
   180  0091                     	;# 
   181  0092                     	;# 
   182  0093                     	;# 
   183  0093                     	;# 
   184  0093                     	;# 
   185  0094                     	;# 
   186  0095                     	;# 
   187  0096                     	;# 
   188  0097                     	;# 
   189  0098                     	;# 
   190  0099                     	;# 
   191  009A                     	;# 
   192  009B                     	;# 
   193  009C                     	;# 
   194  009D                     	;# 
   195  009E                     	;# 
   196  009F                     	;# 
   197  0105                     	;# 
   198  0107                     	;# 
   199  0108                     	;# 
   200  0109                     	;# 
   201  010C                     	;# 
   202  010C                     	;# 
   203  010D                     	;# 
   204  010E                     	;# 
   205  010F                     	;# 
   206  0185                     	;# 
   207  0187                     	;# 
   208  0188                     	;# 
   209  0189                     	;# 
   210  018C                     	;# 
   211  018D                     	;# 
   212  0000                     	;# 
   213  0001                     	;# 
   214  0002                     	;# 
   215  0003                     	;# 
   216  0004                     	;# 
   217  0005                     	;# 
   218  0006                     	;# 
   219  0007                     	;# 
   220  0008                     	;# 
   221  0009                     	;# 
   222  000A                     	;# 
   223  000B                     	;# 
   224  000C                     	;# 
   225  000D                     	;# 
   226  000E                     	;# 
   227  000E                     	;# 
   228  000F                     	;# 
   229  0010                     	;# 
   230  0011                     	;# 
   231  0012                     	;# 
   232  0013                     	;# 
   233  0014                     	;# 
   234  0015                     	;# 
   235  0015                     	;# 
   236  0016                     	;# 
   237  0017                     	;# 
   238  0018                     	;# 
   239  0019                     	;# 
   240  001A                     	;# 
   241  001B                     	;# 
   242  001B                     	;# 
   243  001C                     	;# 
   244  001D                     	;# 
   245  001E                     	;# 
   246  001F                     	;# 
   247  0081                     	;# 
   248  0085                     	;# 
   249  0086                     	;# 
   250  0087                     	;# 
   251  0088                     	;# 
   252  0089                     	;# 
   253  008C                     	;# 
   254  008D                     	;# 
   255  008E                     	;# 
   256  008F                     	;# 
   257  0090                     	;# 
   258  0091                     	;# 
   259  0092                     	;# 
   260  0093                     	;# 
   261  0093                     	;# 
   262  0093                     	;# 
   263  0094                     	;# 
   264  0095                     	;# 
   265  0096                     	;# 
   266  0097                     	;# 
   267  0098                     	;# 
   268  0099                     	;# 
   269  009A                     	;# 
   270  009B                     	;# 
   271  009C                     	;# 
   272  009D                     	;# 
   273  009E                     	;# 
   274  009F                     	;# 
   275  0105                     	;# 
   276  0107                     	;# 
   277  0108                     	;# 
   278  0109                     	;# 
   279  010C                     	;# 
   280  010C                     	;# 
   281  010D                     	;# 
   282  010E                     	;# 
   283  010F                     	;# 
   284  0185                     	;# 
   285  0187                     	;# 
   286  0188                     	;# 
   287  0189                     	;# 
   288  018C                     	;# 
   289  018D                     	;# 
   290                           
   291                           	psect	idataBANK0
   292  012B                     __pidataBANK0:
   293                           
   294                           ;initializer for _Tiempo
   295  012B  3464               	retlw	100
   296  012C  3400               	retlw	0
   297  012D  3400               	retlw	0
   298  012E  3400               	retlw	0
   299  000E                     _TMR1	set	14
   300  000B                     _INTCONbits	set	11
   301  0010                     _T1CONbits	set	16
   302  000C                     _PIR1bits	set	12
   303  0006                     _PORTBbits	set	6
   304  008C                     _PIE1bits	set	140
   305  0086                     _TRISBbits	set	134
   306  0189                     _ANSELH	set	393
   307  0188                     _ANSEL	set	392
   308                           
   309                           	psect	cinit
   310  000F                     start_initialization:	
   311                           ; #config settings
   312                           
   313  000F                     __initialization:
   314                           
   315                           ; Initialize objects allocated to BANK0
   316  000F  120A  118A  212B  120A  118A  	fcall	__pidataBANK0	;fetch initializer
   317  0014  00A0               	movwf	__pdataBANK0& (0+127)
   318  0015  120A  118A  212C  120A  118A  	fcall	__pidataBANK0+1	;fetch initializer
   319  001A  00A1               	movwf	(__pdataBANK0+1)& (0+127)
   320  001B  120A  118A  212D  120A  118A  	fcall	__pidataBANK0+2	;fetch initializer
   321  0020  00A2               	movwf	(__pdataBANK0+2)& (0+127)
   322  0021  120A  118A  212E  120A  118A  	fcall	__pidataBANK0+3	;fetch initializer
   323  0026  00A3               	movwf	(__pdataBANK0+3)& (0+127)
   324                           
   325                           ; Clear objects allocated to COMMON
   326  0027  01F6               	clrf	__pbssCOMMON& (0+127)
   327  0028  01F7               	clrf	(__pbssCOMMON+1)& (0+127)
   328  0029  01F8               	clrf	(__pbssCOMMON+2)& (0+127)
   329  002A  01F9               	clrf	(__pbssCOMMON+3)& (0+127)
   330  002B                     end_of_initialization:	
   331                           ;End of C runtime variable initialization code
   332                           
   333  002B                     __end_of__initialization:
   334  002B  0183               	clrf	3
   335  002C  120A  118A  282F   	ljmp	_main	;jump to C main() function
   336                           
   337                           	psect	bssCOMMON
   338  0076                     __pbssCOMMON:
   339  0076                     _Delay:
   340  0076                     	ds	4
   341                           
   342                           	psect	dataBANK0
   343  0020                     __pdataBANK0:
   344  0020                     _Tiempo:
   345  0020                     	ds	4
   346                           
   347                           	psect	cstackCOMMON
   348  0070                     __pcstackCOMMON:
   349  0070                     ?_Timer1_Init:
   350  0070                     ?_Timer1_Stop:	
   351                           ; 1 bytes @ 0x0
   352                           
   353  0070                     ?_Timer1_Start:	
   354                           ; 1 bytes @ 0x0
   355                           
   356  0070                     ?_Antirrebote:	
   357                           ; 1 bytes @ 0x0
   358                           
   359  0070                     ?_Fin_Delay:	
   360                           ; 1 bytes @ 0x0
   361                           
   362  0070                     ??_Fin_Delay:	
   363                           ; 1 bytes @ 0x0
   364                           
   365  0070                     ?_main:	
   366                           ; 1 bytes @ 0x0
   367                           
   368  0070                     ?_ISR:	
   369                           ; 1 bytes @ 0x0
   370                           
   371  0070                     ??_ISR:	
   372                           ; 1 bytes @ 0x0
   373                           
   374  0070                     ?i1_Timer1_Stop:	
   375                           ; 1 bytes @ 0x0
   376                           
   377  0070                     ??i1_Timer1_Stop:	
   378                           ; 1 bytes @ 0x0
   379                           
   380                           
   381                           ; 1 bytes @ 0x0
   382  0070                     	ds	6
   383                           
   384                           	psect	cstackBANK0
   385  0024                     __pcstackBANK0:
   386  0024                     ??_Timer1_Init:
   387  0024                     ??_Timer1_Stop:	
   388                           ; 1 bytes @ 0x0
   389                           
   390  0024                     ??_Timer1_Start:	
   391                           ; 1 bytes @ 0x0
   392                           
   393  0024                     ??_Antirrebote:	
   394                           ; 1 bytes @ 0x0
   395                           
   396                           
   397                           ; 1 bytes @ 0x0
   398  0024                     	ds	2
   399  0026                     ??_main:
   400                           
   401                           	psect	maintext
   402  002F                     __pmaintext:	
   403                           ; 1 bytes @ 0x2
   404 ;;
   405 ;;Main: autosize = 0, tempsize = 0, incstack = 0, save=0
   406 ;;
   407 ;; *************** function _main *****************
   408 ;; Defined at:
   409 ;;		line 45 in file "Main.c"
   410 ;; Parameters:    Size  Location     Type
   411 ;;		None
   412 ;; Auto vars:     Size  Location     Type
   413 ;;		None
   414 ;; Return value:  Size  Location     Type
   415 ;;                  1    wreg      void 
   416 ;; Registers used:
   417 ;;		wreg, status,2, status,0, pclath, cstack
   418 ;; Tracked objects:
   419 ;;		On entry : B00/0
   420 ;;		On exit  : 0/0
   421 ;;		Unchanged: 0/0
   422 ;; Data sizes:     COMMON   BANK0   BANK1   BANK3   BANK2
   423 ;;      Params:         0       0       0       0       0
   424 ;;      Locals:         0       0       0       0       0
   425 ;;      Temps:          0       0       0       0       0
   426 ;;      Totals:         0       0       0       0       0
   427 ;;Total ram usage:        0 bytes
   428 ;; Hardware stack levels required when called:    4
   429 ;; This function calls:
   430 ;;		_Antirrebote
   431 ;;		_Timer1_Init
   432 ;;		_Timer1_Start
   433 ;;		_Timer1_Stop
   434 ;; This function is called by:
   435 ;;		Startup code after reset
   436 ;; This function uses a non-reentrant model
   437 ;;
   438                           
   439                           
   440                           ;psect for function _main
   441  002F                     _main:
   442  002F                     l911:	
   443                           ;incstack = 0
   444                           ; Regs used in _main: [wreg+status,2+status,0+pclath+cstack]
   445                           
   446                           
   447                           ;Main.c: 47:     ANSEL = 0;
   448  002F  1683               	bsf	3,5	;RP0=1, select bank3
   449  0030  1703               	bsf	3,6	;RP1=1, select bank3
   450  0031  0188               	clrf	8	;volatile
   451                           
   452                           ;Main.c: 48:     ANSELH = 0;
   453  0032  0189               	clrf	9	;volatile
   454  0033                     l913:
   455                           
   456                           ;Main.c: 50:     TRISBbits.TRISB0 = 1;
   457  0033  1683               	bsf	3,5	;RP0=1, select bank1
   458  0034  1303               	bcf	3,6	;RP1=0, select bank1
   459  0035  1406               	bsf	6,0	;volatile
   460  0036                     l915:
   461                           
   462                           ;Main.c: 51:     TRISBbits.TRISB1 = 1;
   463  0036  1486               	bsf	6,1	;volatile
   464  0037                     l917:
   465                           
   466                           ;Main.c: 52:     TRISBbits.TRISB3 = 0;
   467  0037  1186               	bcf	6,3	;volatile
   468  0038                     l919:
   469                           
   470                           ;Main.c: 53:     PORTBbits.RB3=0;
   471  0038  1283               	bcf	3,5	;RP0=0, select bank0
   472  0039  1303               	bcf	3,6	;RP1=0, select bank0
   473  003A  1186               	bcf	6,3	;volatile
   474  003B                     l921:
   475                           
   476                           ;Main.c: 56:     Timer1_Init();
   477  003B  120A  118A  20EE  120A  118A  	fcall	_Timer1_Init
   478  0040                     l923:
   479                           
   480                           ;Main.c: 57:     Timer1_Stop();
   481  0040  120A  118A  2115  120A  118A  	fcall	_Timer1_Stop
   482  0045                     l925:
   483                           
   484                           ;Main.c: 60:     {;Main.c: 61:         if(PORTBbits.RB0)
   485  0045  1283               	bcf	3,5	;RP0=0, select bank0
   486  0046  1303               	bcf	3,6	;RP1=0, select bank0
   487  0047  1C06               	btfss	6,0	;volatile
   488  0048  284A               	goto	u211
   489  0049  284B               	goto	u210
   490  004A                     u211:
   491  004A  285E               	goto	l935
   492  004B                     u210:
   493  004B                     l927:
   494                           
   495                           ;Main.c: 62:         {;Main.c: 63:             PORTBbits.RB3=1;
   496  004B  1586               	bsf	6,3	;volatile
   497  004C                     l929:
   498                           
   499                           ;Main.c: 64:             Tiempo = 100;
   500  004C  3000               	movlw	0
   501  004D  00A3               	movwf	_Tiempo+3
   502  004E  3000               	movlw	0
   503  004F  00A2               	movwf	_Tiempo+2
   504  0050  3000               	movlw	0
   505  0051  00A1               	movwf	_Tiempo+1
   506  0052  3064               	movlw	100
   507  0053  00A0               	movwf	_Tiempo
   508  0054                     l931:
   509                           
   510                           ;Main.c: 65:             Timer1_Start();
   511  0054  120A  118A  2102  120A  118A  	fcall	_Timer1_Start
   512  0059                     l933:
   513                           
   514                           ;Main.c: 66:             Antirrebote();
   515  0059  120A  118A  20D9  120A  118A  	fcall	_Antirrebote
   516  005E                     l935:
   517                           
   518                           ;Main.c: 68:         if(PORTBbits.RB1)
   519  005E  1283               	bcf	3,5	;RP0=0, select bank0
   520  005F  1303               	bcf	3,6	;RP1=0, select bank0
   521  0060  1C86               	btfss	6,1	;volatile
   522  0061  2863               	goto	u221
   523  0062  2864               	goto	u220
   524  0063                     u221:
   525  0063  2845               	goto	l925
   526  0064                     u220:
   527  0064                     l937:
   528                           
   529                           ;Main.c: 69:         {;Main.c: 70:             PORTBbits.RB3=1;
   530  0064  1586               	bsf	6,3	;volatile
   531  0065                     l939:
   532                           
   533                           ;Main.c: 71:             Tiempo = 500;
   534  0065  3000               	movlw	0
   535  0066  00A3               	movwf	_Tiempo+3
   536  0067  3000               	movlw	0
   537  0068  00A2               	movwf	_Tiempo+2
   538  0069  3001               	movlw	1
   539  006A  00A1               	movwf	_Tiempo+1
   540  006B  30F4               	movlw	244
   541  006C  00A0               	movwf	_Tiempo
   542  006D                     l941:
   543                           
   544                           ;Main.c: 72:             Timer1_Start();
   545  006D  120A  118A  2102  120A  118A  	fcall	_Timer1_Start
   546  0072                     l943:
   547                           
   548                           ;Main.c: 73:             Antirrebote();
   549  0072  120A  118A  20D9  120A  118A  	fcall	_Antirrebote
   550  0077  2845               	goto	l925
   551  0078  120A  118A  280C   	ljmp	start
   552  007B                     __end_of_main:
   553                           
   554                           	psect	text1
   555  0115                     __ptext1:	
   556 ;; *************** function _Timer1_Stop *****************
   557 ;; Defined at:
   558 ;;		line 39 in file "Timer1.c"
   559 ;; Parameters:    Size  Location     Type
   560 ;;		None
   561 ;; Auto vars:     Size  Location     Type
   562 ;;		None
   563 ;; Return value:  Size  Location     Type
   564 ;;                  1    wreg      void 
   565 ;; Registers used:
   566 ;;		None
   567 ;; Tracked objects:
   568 ;;		On entry : 0/0
   569 ;;		On exit  : 0/0
   570 ;;		Unchanged: 0/0
   571 ;; Data sizes:     COMMON   BANK0   BANK1   BANK3   BANK2
   572 ;;      Params:         0       0       0       0       0
   573 ;;      Locals:         0       0       0       0       0
   574 ;;      Temps:          0       0       0       0       0
   575 ;;      Totals:         0       0       0       0       0
   576 ;;Total ram usage:        0 bytes
   577 ;; Hardware stack levels used:    1
   578 ;; Hardware stack levels required when called:    3
   579 ;; This function calls:
   580 ;;		Nothing
   581 ;; This function is called by:
   582 ;;		_main
   583 ;; This function uses a non-reentrant model
   584 ;;
   585                           
   586                           
   587                           ;psect for function _Timer1_Stop
   588  0115                     _Timer1_Stop:
   589  0115                     l891:	
   590                           ;incstack = 0
   591                           ; Regs used in _Timer1_Stop: []
   592                           
   593                           
   594                           ;Timer1.c: 41:     T1CONbits.TMR1ON = 0;
   595  0115  1283               	bcf	3,5	;RP0=0, select bank0
   596  0116  1303               	bcf	3,6	;RP1=0, select bank0
   597  0117  1010               	bcf	16,0	;volatile
   598                           
   599                           ;Timer1.c: 42:     TMR1 = 64285;
   600  0118  30FB               	movlw	251
   601  0119  008F               	movwf	15	;volatile
   602  011A  301D               	movlw	29
   603  011B  008E               	movwf	14	;volatile
   604                           
   605                           ;Timer1.c: 44:     PIE1bits.TMR1IE = 0;
   606  011C  1683               	bsf	3,5	;RP0=1, select bank1
   607  011D  1303               	bcf	3,6	;RP1=0, select bank1
   608  011E  100C               	bcf	12,0	;volatile
   609  011F                     l79:	
   610                           ;Timer1.c: 46:     return;
   611                           
   612  011F  0008               	return
   613  0120                     __end_of_Timer1_Stop:
   614                           
   615                           	psect	text2
   616  0102                     __ptext2:	
   617 ;; *************** function _Timer1_Start *****************
   618 ;; Defined at:
   619 ;;		line 28 in file "Timer1.c"
   620 ;; Parameters:    Size  Location     Type
   621 ;;		None
   622 ;; Auto vars:     Size  Location     Type
   623 ;;		None
   624 ;; Return value:  Size  Location     Type
   625 ;;                  1    wreg      void 
   626 ;; Registers used:
   627 ;;		wreg
   628 ;; Tracked objects:
   629 ;;		On entry : 0/0
   630 ;;		On exit  : 0/0
   631 ;;		Unchanged: 0/0
   632 ;; Data sizes:     COMMON   BANK0   BANK1   BANK3   BANK2
   633 ;;      Params:         0       0       0       0       0
   634 ;;      Locals:         0       0       0       0       0
   635 ;;      Temps:          0       0       0       0       0
   636 ;;      Totals:         0       0       0       0       0
   637 ;;Total ram usage:        0 bytes
   638 ;; Hardware stack levels used:    1
   639 ;; Hardware stack levels required when called:    3
   640 ;; This function calls:
   641 ;;		Nothing
   642 ;; This function is called by:
   643 ;;		_main
   644 ;; This function uses a non-reentrant model
   645 ;;
   646                           
   647                           
   648                           ;psect for function _Timer1_Start
   649  0102                     _Timer1_Start:
   650  0102                     l893:	
   651                           ;incstack = 0
   652                           ; Regs used in _Timer1_Start: [wreg]
   653                           
   654                           
   655                           ;Timer1.c: 30:     Delay = Tiempo;
   656  0102  1283               	bcf	3,5	;RP0=0, select bank0
   657  0103  1303               	bcf	3,6	;RP1=0, select bank0
   658  0104  0823               	movf	_Tiempo+3,w
   659  0105  00F9               	movwf	_Delay+3	;volatile
   660  0106  0822               	movf	_Tiempo+2,w
   661  0107  00F8               	movwf	_Delay+2	;volatile
   662  0108  0821               	movf	_Tiempo+1,w
   663  0109  00F7               	movwf	_Delay+1	;volatile
   664  010A  0820               	movf	_Tiempo,w
   665  010B  00F6               	movwf	_Delay	;volatile
   666  010C                     l895:
   667                           
   668                           ;Timer1.c: 31:     TMR1 = 64285;
   669  010C  30FB               	movlw	251
   670  010D  008F               	movwf	15	;volatile
   671  010E  301D               	movlw	29
   672  010F  008E               	movwf	14	;volatile
   673  0110                     l897:
   674                           
   675                           ;Timer1.c: 32:     T1CONbits.TMR1ON = 1;
   676  0110  1410               	bsf	16,0	;volatile
   677  0111                     l899:
   678                           
   679                           ;Timer1.c: 34:     PIE1bits.TMR1IE = 1;
   680  0111  1683               	bsf	3,5	;RP0=1, select bank1
   681  0112  1303               	bcf	3,6	;RP1=0, select bank1
   682  0113  140C               	bsf	12,0	;volatile
   683  0114                     l76:
   684  0114  0008               	return
   685  0115                     __end_of_Timer1_Start:
   686                           
   687                           	psect	text3
   688  00EE                     __ptext3:	
   689 ;; *************** function _Timer1_Init *****************
   690 ;; Defined at:
   691 ;;		line 8 in file "Timer1.c"
   692 ;; Parameters:    Size  Location     Type
   693 ;;		None
   694 ;; Auto vars:     Size  Location     Type
   695 ;;		None
   696 ;; Return value:  Size  Location     Type
   697 ;;                  1    wreg      void 
   698 ;; Registers used:
   699 ;;		wreg, status,2, status,0
   700 ;; Tracked objects:
   701 ;;		On entry : 0/0
   702 ;;		On exit  : 0/0
   703 ;;		Unchanged: 0/0
   704 ;; Data sizes:     COMMON   BANK0   BANK1   BANK3   BANK2
   705 ;;      Params:         0       0       0       0       0
   706 ;;      Locals:         0       0       0       0       0
   707 ;;      Temps:          0       0       0       0       0
   708 ;;      Totals:         0       0       0       0       0
   709 ;;Total ram usage:        0 bytes
   710 ;; Hardware stack levels used:    1
   711 ;; Hardware stack levels required when called:    3
   712 ;; This function calls:
   713 ;;		Nothing
   714 ;; This function is called by:
   715 ;;		_main
   716 ;; This function uses a non-reentrant model
   717 ;;
   718                           
   719                           
   720                           ;psect for function _Timer1_Init
   721  00EE                     _Timer1_Init:
   722  00EE                     l871:	
   723                           ;incstack = 0
   724                           ; Regs used in _Timer1_Init: [wreg+status,2+status,0]
   725                           
   726                           
   727                           ;Timer1.c: 11:     T1CONbits.TMR1CS = 0;
   728  00EE  1283               	bcf	3,5	;RP0=0, select bank0
   729  00EF  1303               	bcf	3,6	;RP1=0, select bank0
   730  00F0  1090               	bcf	16,1	;volatile
   731  00F1                     l873:
   732                           
   733                           ;Timer1.c: 12:     T1CONbits.T1CKPS = 0b11;
   734  00F1  3030               	movlw	48
   735  00F2  0490               	iorwf	16,f	;volatile
   736  00F3                     l875:
   737                           
   738                           ;Timer1.c: 13:     T1CONbits.TMR1ON = 0;
   739  00F3  1010               	bcf	16,0	;volatile
   740  00F4                     l877:
   741                           
   742                           ;Timer1.c: 14:     T1CONbits.T1OSCEN = 0;
   743  00F4  1190               	bcf	16,3	;volatile
   744  00F5                     l879:
   745                           
   746                           ;Timer1.c: 15:     TMR1 = 64285;
   747  00F5  30FB               	movlw	251
   748  00F6  008F               	movwf	15	;volatile
   749  00F7  301D               	movlw	29
   750  00F8  008E               	movwf	14	;volatile
   751  00F9                     l881:
   752                           
   753                           ;Timer1.c: 19:     INTCONbits.GIE = 1;
   754  00F9  178B               	bsf	11,7	;volatile
   755  00FA                     l883:
   756                           
   757                           ;Timer1.c: 20:     INTCONbits.PEIE = 1;
   758  00FA  170B               	bsf	11,6	;volatile
   759  00FB                     l885:
   760                           
   761                           ;Timer1.c: 21:     PIE1bits.TMR1IE = 1;
   762  00FB  1683               	bsf	3,5	;RP0=1, select bank1
   763  00FC  1303               	bcf	3,6	;RP1=0, select bank1
   764  00FD  140C               	bsf	12,0	;volatile
   765  00FE                     l887:
   766                           
   767                           ;Timer1.c: 22:     PIR1bits.TMR1IF = 0;
   768  00FE  1283               	bcf	3,5	;RP0=0, select bank0
   769  00FF  1303               	bcf	3,6	;RP1=0, select bank0
   770  0100  100C               	bcf	12,0	;volatile
   771  0101                     l73:
   772  0101  0008               	return
   773  0102                     __end_of_Timer1_Init:
   774                           
   775                           	psect	text4
   776  00D9                     __ptext4:	
   777 ;; *************** function _Antirrebote *****************
   778 ;; Defined at:
   779 ;;		line 110 in file "Main.c"
   780 ;; Parameters:    Size  Location     Type
   781 ;;		None
   782 ;; Auto vars:     Size  Location     Type
   783 ;;		None
   784 ;; Return value:  Size  Location     Type
   785 ;;                  1    wreg      void 
   786 ;; Registers used:
   787 ;;		wreg
   788 ;; Tracked objects:
   789 ;;		On entry : 0/0
   790 ;;		On exit  : 0/0
   791 ;;		Unchanged: 0/0
   792 ;; Data sizes:     COMMON   BANK0   BANK1   BANK3   BANK2
   793 ;;      Params:         0       0       0       0       0
   794 ;;      Locals:         0       0       0       0       0
   795 ;;      Temps:          0       2       0       0       0
   796 ;;      Totals:         0       2       0       0       0
   797 ;;Total ram usage:        2 bytes
   798 ;; Hardware stack levels used:    1
   799 ;; Hardware stack levels required when called:    3
   800 ;; This function calls:
   801 ;;		Nothing
   802 ;; This function is called by:
   803 ;;		_main
   804 ;; This function uses a non-reentrant model
   805 ;;
   806                           
   807                           
   808                           ;psect for function _Antirrebote
   809  00D9                     _Antirrebote:
   810  00D9                     l903:	
   811                           ;incstack = 0
   812                           ; Regs used in _Antirrebote: [wreg]
   813                           
   814                           
   815                           ;Main.c: 112:     _delay((unsigned long)((10)*(4000000/4000.0)));
   816  00D9  300D               	movlw	13
   817  00DA  1283               	bcf	3,5	;RP0=0, select bank0
   818  00DB  1303               	bcf	3,6	;RP1=0, select bank0
   819  00DC  00A5               	movwf	??_Antirrebote+1
   820  00DD  30FB               	movlw	251
   821  00DE  00A4               	movwf	??_Antirrebote
   822  00DF                     u237:
   823  00DF  0BA4               	decfsz	??_Antirrebote,f
   824  00E0  28DF               	goto	u237
   825  00E1  0BA5               	decfsz	??_Antirrebote+1,f
   826  00E2  28DF               	goto	u237
   827  00E3                     l907:	
   828                           ;Main.c: 113:     while(PORTBbits.RB0==1 || PORTBbits.RB1==1) _delay((unsigned long)((10
      +                          )*(4000000/4000.0)));
   829                           
   830  00E3  1283               	bcf	3,5	;RP0=0, select bank0
   831  00E4  1303               	bcf	3,6	;RP1=0, select bank0
   832  00E5  1806               	btfsc	6,0	;volatile
   833  00E6  28E8               	goto	u191
   834  00E7  28E9               	goto	u190
   835  00E8                     u191:
   836  00E8  28D9               	goto	l903
   837  00E9                     u190:
   838  00E9                     l909:
   839  00E9  1886               	btfsc	6,1	;volatile
   840  00EA  28EC               	goto	u201
   841  00EB  28ED               	goto	u200
   842  00EC                     u201:
   843  00EC  28D9               	goto	l903
   844  00ED                     u200:
   845  00ED                     l56:
   846  00ED  0008               	return
   847  00EE                     __end_of_Antirrebote:
   848                           
   849                           	psect	text5
   850  007B                     __ptext5:	
   851 ;; *************** function _ISR *****************
   852 ;; Defined at:
   853 ;;		line 80 in file "Main.c"
   854 ;; Parameters:    Size  Location     Type
   855 ;;		None
   856 ;; Auto vars:     Size  Location     Type
   857 ;;		None
   858 ;; Return value:  Size  Location     Type
   859 ;;                  1    wreg      void 
   860 ;; Registers used:
   861 ;;		wreg, status,2, status,0, pclath, cstack
   862 ;; Tracked objects:
   863 ;;		On entry : 0/0
   864 ;;		On exit  : 0/0
   865 ;;		Unchanged: 0/0
   866 ;; Data sizes:     COMMON   BANK0   BANK1   BANK3   BANK2
   867 ;;      Params:         0       0       0       0       0
   868 ;;      Locals:         0       0       0       0       0
   869 ;;      Temps:          6       0       0       0       0
   870 ;;      Totals:         6       0       0       0       0
   871 ;;Total ram usage:        6 bytes
   872 ;; Hardware stack levels used:    1
   873 ;; Hardware stack levels required when called:    2
   874 ;; This function calls:
   875 ;;		_Fin_Delay
   876 ;; This function is called by:
   877 ;;		Interrupt level 1
   878 ;; This function uses a non-reentrant model
   879 ;;
   880                           
   881                           
   882                           ;psect for function _ISR
   883  007B                     _ISR:
   884  007B                     i1l857:
   885                           
   886                           ;Main.c: 82:     if(PIR1bits.TMR1IF == 1)
   887  007B  1283               	bcf	3,5	;RP0=0, select bank0
   888  007C  1303               	bcf	3,6	;RP1=0, select bank0
   889  007D  1C0C               	btfss	12,0	;volatile
   890  007E  2880               	goto	u15_21
   891  007F  2881               	goto	u15_20
   892  0080                     u15_21:
   893  0080  28AA               	goto	i1l43
   894  0081                     u15_20:
   895  0081                     i1l859:
   896                           
   897                           ;Main.c: 83:     {;Main.c: 84:         if(Delay!=0) Delay--;
   898  0081  0879               	movf	_Delay+3,w	;volatile
   899  0082  0478               	iorwf	_Delay+2,w	;volatile
   900  0083  0477               	iorwf	_Delay+1,w	;volatile
   901  0084  0476               	iorwf	_Delay,w	;volatile
   902  0085  1903               	skipnz
   903  0086  2888               	goto	u16_21
   904  0087  2889               	goto	u16_20
   905  0088                     u16_21:
   906  0088  28A5               	goto	i1l863
   907  0089                     u16_20:
   908  0089                     i1l861:
   909  0089  3001               	movlw	1
   910  008A  00F0               	movwf	??_ISR
   911  008B  3000               	movlw	0
   912  008C  00F1               	movwf	??_ISR+1
   913  008D  3000               	movlw	0
   914  008E  00F2               	movwf	??_ISR+2
   915  008F  3000               	movlw	0
   916  0090  00F3               	movwf	??_ISR+3
   917  0091  0870               	movf	??_ISR,w
   918  0092  02F6               	subwf	_Delay,f	;volatile
   919  0093  0871               	movf	??_ISR+1,w
   920  0094  1C03               	skipc
   921  0095  0F71               	incfsz	??_ISR+1,w
   922  0096  2898               	goto	u17_25
   923  0097  2899               	goto	u17_26
   924  0098                     u17_25:
   925  0098  02F7               	subwf	_Delay+1,f	;volatile
   926  0099                     u17_26:
   927  0099  0872               	movf	??_ISR+2,w
   928  009A  1C03               	skipc
   929  009B  0F72               	incfsz	??_ISR+2,w
   930  009C  289E               	goto	u17_27
   931  009D  289F               	goto	u17_28
   932  009E                     u17_27:
   933  009E  02F8               	subwf	_Delay+2,f	;volatile
   934  009F                     u17_28:
   935  009F  0873               	movf	??_ISR+3,w
   936  00A0  1C03               	skipc
   937  00A1  0F73               	incfsz	??_ISR+3,w
   938  00A2  28A4               	goto	u17_29
   939  00A3  28A5               	goto	u17_20
   940  00A4                     u17_29:
   941  00A4  02F9               	subwf	_Delay+3,f	;volatile
   942  00A5                     u17_20:
   943  00A5                     i1l863:
   944                           
   945                           ;Main.c: 86:         TMR1 = 64285;
   946  00A5  30FB               	movlw	251
   947  00A6  008F               	movwf	15	;volatile
   948  00A7  301D               	movlw	29
   949  00A8  008E               	movwf	14	;volatile
   950  00A9                     i1l865:
   951                           
   952                           ;Main.c: 87:         PIR1bits.TMR1IF = 0;
   953  00A9  100C               	bcf	12,0	;volatile
   954  00AA                     i1l43:	
   955                           ;Main.c: 88:     }
   956                           
   957                           
   958                           ;Main.c: 90:     if(!Delay) Fin_Delay();
   959  00AA  0879               	movf	_Delay+3,w	;volatile
   960  00AB  0478               	iorwf	_Delay+2,w	;volatile
   961  00AC  0477               	iorwf	_Delay+1,w	;volatile
   962  00AD  0476               	iorwf	_Delay,w	;volatile
   963  00AE  1D03               	skipz
   964  00AF  28B1               	goto	u18_21
   965  00B0  28B2               	goto	u18_20
   966  00B1                     u18_21:
   967  00B1  28B7               	goto	i1l46
   968  00B2                     u18_20:
   969  00B2                     i1l867:
   970  00B2  120A  118A  20BE  120A  118A  	fcall	_Fin_Delay
   971  00B7                     i1l46:
   972  00B7  0875               	movf	??_ISR+5,w
   973  00B8  008A               	movwf	10
   974  00B9  0E74               	swapf	(??_ISR+4)^(0+4294967168),w
   975  00BA  0083               	movwf	3
   976  00BB  0EFE               	swapf	btemp,f
   977  00BC  0E7E               	swapf	btemp,w
   978  00BD  0009               	retfie
   979  00BE                     __end_of_ISR:
   980                           
   981                           	psect	intentry
   982  0004                     __pintentry:	
   983                           ;incstack = 0
   984                           ; Regs used in _ISR: [wreg+status,2+status,0+pclath+cstack]
   985                           
   986  0004                     interrupt_function:
   987  007E                     saved_w	set	btemp
   988  0004  00FE               	movwf	btemp
   989  0005  0E03               	swapf	3,w
   990  0006  00F4               	movwf	??_ISR+4
   991  0007  080A               	movf	10,w
   992  0008  00F5               	movwf	??_ISR+5
   993  0009  120A  118A  287B   	ljmp	_ISR
   994                           
   995                           	psect	text6
   996  00BE                     __ptext6:	
   997 ;; *************** function _Fin_Delay *****************
   998 ;; Defined at:
   999 ;;		line 95 in file "Main.c"
  1000 ;; Parameters:    Size  Location     Type
  1001 ;;		None
  1002 ;; Auto vars:     Size  Location     Type
  1003 ;;		None
  1004 ;; Return value:  Size  Location     Type
  1005 ;;                  1    wreg      void 
  1006 ;; Registers used:
  1007 ;;		wreg, status,2, status,0, pclath, cstack
  1008 ;; Tracked objects:
  1009 ;;		On entry : 0/0
  1010 ;;		On exit  : 0/0
  1011 ;;		Unchanged: 0/0
  1012 ;; Data sizes:     COMMON   BANK0   BANK1   BANK3   BANK2
  1013 ;;      Params:         0       0       0       0       0
  1014 ;;      Locals:         0       0       0       0       0
  1015 ;;      Temps:          0       0       0       0       0
  1016 ;;      Totals:         0       0       0       0       0
  1017 ;;Total ram usage:        0 bytes
  1018 ;; Hardware stack levels used:    1
  1019 ;; Hardware stack levels required when called:    1
  1020 ;; This function calls:
  1021 ;;		i1_Timer1_Stop
  1022 ;; This function is called by:
  1023 ;;		_ISR
  1024 ;; This function uses a non-reentrant model
  1025 ;;
  1026                           
  1027                           
  1028                           ;psect for function _Fin_Delay
  1029  00BE                     _Fin_Delay:
  1030  00BE                     i1l813:	
  1031                           ;incstack = 0
  1032                           ; Regs used in _Fin_Delay: [wreg+status,2+status,0+pclath+cstack]
  1033                           
  1034                           
  1035                           ;Main.c: 97:     if(Delay==0)
  1036  00BE  0879               	movf	_Delay+3,w	;volatile
  1037  00BF  0478               	iorwf	_Delay+2,w	;volatile
  1038  00C0  0477               	iorwf	_Delay+1,w	;volatile
  1039  00C1  0476               	iorwf	_Delay,w	;volatile
  1040  00C2  1D03               	skipz
  1041  00C3  28C5               	goto	u12_21
  1042  00C4  28C6               	goto	u12_20
  1043  00C5                     u12_21:
  1044  00C5  28D8               	goto	i1l50
  1045  00C6                     u12_20:
  1046  00C6                     i1l815:
  1047                           
  1048                           ;Main.c: 98:     {;Main.c: 102:         PORTBbits.RB3=0;
  1049  00C6  1283               	bcf	3,5	;RP0=0, select bank0
  1050  00C7  1303               	bcf	3,6	;RP1=0, select bank0
  1051  00C8  1186               	bcf	6,3	;volatile
  1052  00C9                     i1l817:
  1053                           
  1054                           ;Main.c: 103:         Timer1_Stop();
  1055  00C9  120A  118A  2120  120A  118A  	fcall	i1_Timer1_Stop
  1056  00CE                     i1l819:
  1057                           
  1058                           ;Main.c: 104:         Delay = Tiempo;
  1059  00CE  1283               	bcf	3,5	;RP0=0, select bank0
  1060  00CF  1303               	bcf	3,6	;RP1=0, select bank0
  1061  00D0  0823               	movf	_Tiempo+3,w
  1062  00D1  00F9               	movwf	_Delay+3	;volatile
  1063  00D2  0822               	movf	_Tiempo+2,w
  1064  00D3  00F8               	movwf	_Delay+2	;volatile
  1065  00D4  0821               	movf	_Tiempo+1,w
  1066  00D5  00F7               	movwf	_Delay+1	;volatile
  1067  00D6  0820               	movf	_Tiempo,w
  1068  00D7  00F6               	movwf	_Delay	;volatile
  1069  00D8                     i1l50:
  1070  00D8  0008               	return
  1071  00D9                     __end_of_Fin_Delay:
  1072                           
  1073                           	psect	text7
  1074  0120                     __ptext7:	
  1075 ;; *************** function i1_Timer1_Stop *****************
  1076 ;; Defined at:
  1077 ;;		line 39 in file "Timer1.c"
  1078 ;; Parameters:    Size  Location     Type
  1079 ;;		None
  1080 ;; Auto vars:     Size  Location     Type
  1081 ;;		None
  1082 ;; Return value:  Size  Location     Type
  1083 ;;                  1    wreg      void 
  1084 ;; Registers used:
  1085 ;;		None
  1086 ;; Tracked objects:
  1087 ;;		On entry : 0/0
  1088 ;;		On exit  : 0/0
  1089 ;;		Unchanged: 0/0
  1090 ;; Data sizes:     COMMON   BANK0   BANK1   BANK3   BANK2
  1091 ;;      Params:         0       0       0       0       0
  1092 ;;      Locals:         0       0       0       0       0
  1093 ;;      Temps:          0       0       0       0       0
  1094 ;;      Totals:         0       0       0       0       0
  1095 ;;Total ram usage:        0 bytes
  1096 ;; Hardware stack levels used:    1
  1097 ;; This function calls:
  1098 ;;		Nothing
  1099 ;; This function is called by:
  1100 ;;		_Fin_Delay
  1101 ;; This function uses a non-reentrant model
  1102 ;;
  1103                           
  1104                           
  1105                           ;psect for function i1_Timer1_Stop
  1106  0120                     i1_Timer1_Stop:
  1107  0120                     i1l771:	
  1108                           ;incstack = 0
  1109                           ; Regs used in i1_Timer1_Stop: []
  1110                           
  1111                           
  1112                           ;Timer1.c: 41:     T1CONbits.TMR1ON = 0;
  1113  0120  1283               	bcf	3,5	;RP0=0, select bank0
  1114  0121  1303               	bcf	3,6	;RP1=0, select bank0
  1115  0122  1010               	bcf	16,0	;volatile
  1116                           
  1117                           ;Timer1.c: 42:     TMR1 = 64285;
  1118  0123  30FB               	movlw	251
  1119  0124  008F               	movwf	15	;volatile
  1120  0125  301D               	movlw	29
  1121  0126  008E               	movwf	14	;volatile
  1122                           
  1123                           ;Timer1.c: 44:     PIE1bits.TMR1IE = 0;
  1124  0127  1683               	bsf	3,5	;RP0=1, select bank1
  1125  0128  1303               	bcf	3,6	;RP1=0, select bank1
  1126  0129  100C               	bcf	12,0	;volatile
  1127  012A                     i1l79:	
  1128                           ;Timer1.c: 46:     return;
  1129                           
  1130  012A  0008               	return
  1131  012B                     __end_ofi1_Timer1_Stop:
  1132  007E                     btemp	set	126	;btemp
  1133  007E                     wtemp0	set	126
  1134                           
  1135                           	psect	config
  1136                           
  1137                           ;Config register CONFIG1 @ 0x2007
  1138                           ;	Oscillator Selection bits
  1139                           ;	FOSC = INTRC_CLKOUT, INTOSC oscillator: CLKOUT function on RA6/OSC2/CLKOUT pin, I/O fu
      +                          nction on RA7/OSC1/CLKIN
  1140                           ;	Watchdog Timer Enable bit
  1141                           ;	WDTE = OFF, WDT disabled and can be enabled by SWDTEN bit of the WDTCON register
  1142                           ;	Power-up Timer Enable bit
  1143                           ;	PWRTE = ON, PWRT enabled
  1144                           ;	RE3/MCLR pin function select bit
  1145                           ;	MCLRE = ON, RE3/MCLR pin function is MCLR
  1146                           ;	Code Protection bit
  1147                           ;	CP = OFF, Program memory code protection is disabled
  1148                           ;	Data Code Protection bit
  1149                           ;	CPD = OFF, Data memory code protection is disabled
  1150                           ;	Brown Out Reset Selection bits
  1151                           ;	BOREN = OFF, BOR disabled
  1152                           ;	Internal External Switchover bit
  1153                           ;	IESO = OFF, Internal/External Switchover mode is disabled
  1154                           ;	Fail-Safe Clock Monitor Enabled bit
  1155                           ;	FCMEN = ON, Fail-Safe Clock Monitor is enabled
  1156                           ;	Low Voltage Programming Enable bit
  1157                           ;	LVP = OFF, RB3 pin has digital I/O, HV on MCLR must be used for programming
  1158                           ;	In-Circuit Debugger Mode bit
  1159                           ;	DEBUG = 0x1, unprogrammed default
  1160  2007                     	org	8199
  1161  2007  28E5               	dw	10469
  1162                           
  1163                           ;Config register CONFIG2 @ 0x2008
  1164                           ;	Brown-out Reset Selection bit
  1165                           ;	BOR4V = BOR40V, Brown-out Reset set to 4.0V
  1166                           ;	Flash Program Memory Self Write Enable bits
  1167                           ;	WRT = OFF, Write protection off
  1168  2008                     	org	8200
  1169  2008  3FFF               	dw	16383

Data Sizes:
    Strings     0
    Constant    0
    Data        4
    BSS         4
    Persistent  0
    Stack       0

Auto Spaces:
    Space          Size  Autos    Used
    COMMON           14      6      10
    BANK0            80      2       6
    BANK1            80      0       0
    BANK3            96      0       0
    BANK2            96      0       0

Pointer List with Targets:

    None.

Critical Paths under _main in COMMON

    None.

Critical Paths under _ISR in COMMON

    None.

Critical Paths under _main in BANK0

    _main->_Antirrebote

Critical Paths under _ISR in BANK0

    None.

Critical Paths under _main in BANK1

    None.

Critical Paths under _ISR in BANK1

    None.

Critical Paths under _main in BANK3

    None.

Critical Paths under _ISR in BANK3

    None.

Critical Paths under _main in BANK2

    None.

Critical Paths under _ISR in BANK2

    None.

Call Graph Tables:

 ---------------------------------------------------------------------------------
 (Depth) Function   	        Calls       Base Space   Used Autos Params    Refs
 ---------------------------------------------------------------------------------
 (0) _main                                                 0     0      0       0
                        _Antirrebote
                        _Timer1_Init
                       _Timer1_Start
                        _Timer1_Stop
 ---------------------------------------------------------------------------------
 (1) _Timer1_Stop                                          0     0      0       0
 ---------------------------------------------------------------------------------
 (1) _Timer1_Start                                         0     0      0       0
 ---------------------------------------------------------------------------------
 (1) _Timer1_Init                                          0     0      0       0
 ---------------------------------------------------------------------------------
 (1) _Antirrebote                                          2     2      0       0
                                              0 BANK0      2     2      0
 ---------------------------------------------------------------------------------
 Estimated maximum stack depth 1
 ---------------------------------------------------------------------------------
 (Depth) Function   	        Calls       Base Space   Used Autos Params    Refs
 ---------------------------------------------------------------------------------
 (2) _ISR                                                  6     6      0       0
                                              0 COMMON     6     6      0
                          _Fin_Delay
 ---------------------------------------------------------------------------------
 (3) _Fin_Delay                                            0     0      0       0
                      i1_Timer1_Stop
 ---------------------------------------------------------------------------------
 (4) i1_Timer1_Stop                                        0     0      0       0
 ---------------------------------------------------------------------------------
 Estimated maximum stack depth 4
 ---------------------------------------------------------------------------------

 Call Graph Graphs:

 _main (ROOT)
   _Antirrebote
   _Timer1_Init
   _Timer1_Start
   _Timer1_Stop

 _ISR (ROOT)
   _Fin_Delay
     i1_Timer1_Stop

 Address spaces:
Name               Size   Autos  Total    Cost      Usage
BANK3               60      0       0       9        0.0%
BITBANK3            60      0       0       8        0.0%
SFR3                 0      0       0       4        0.0%
BITSFR3              0      0       0       4        0.0%
BANK2               60      0       0      11        0.0%
BITBANK2            60      0       0      10        0.0%
SFR2                 0      0       0       5        0.0%
BITSFR2              0      0       0       5        0.0%
BANK1               50      0       0       7        0.0%
BITBANK1            50      0       0       6        0.0%
SFR1                 0      0       0       2        0.0%
BITSFR1              0      0       0       2        0.0%
BANK0               50      2       6       5        7.5%
BITBANK0            50      0       0       4        0.0%
SFR0                 0      0       0       1        0.0%
BITSFR0              0      0       0       1        0.0%
COMMON               E      6       A       1       71.4%
BITCOMMON            E      0       0       0        0.0%
CODE                 0      0       0       0        0.0%
DATA                 0      0      10      12        0.0%
ABS                  0      0      10       3        0.0%
NULL                 0      0       0       0        0.0%
STACK                0      0       0       2        0.0%
EEDATA             100      0       0       0        0.0%


Microchip Technology PIC Macro Assembler V2.20 build 20200408173844 
Symbol Table                                                                                   Wed Dec 16 12:55:29 2020

                     l56 00ED                       l73 0101                       l76 0114  
                     l79 011F                      l903 00D9                      l911 002F  
                    l921 003B                      l913 0033                      l907 00E3  
                    l931 0054                      l923 0040                      l915 0036  
                    l909 00E9                      l941 006D                      l933 0059  
                    l925 0045                      l917 0037                      l871 00EE  
                    l943 0072                      l927 004B                      l935 005E  
                    l919 0038                      l881 00F9                      l873 00F1  
                    l937 0064                      l929 004C                      l883 00FA  
                    l875 00F3                      l891 0115                      l939 0065  
                    l885 00FB                      l877 00F4                      l893 0102  
                    l887 00FE                      l879 00F5                      l895 010C  
                    l897 0110                      l899 0111                      u200 00ED  
                    u201 00EC                      u210 004B                      u211 004A  
                    u220 0064                      u221 0063                      u237 00DF  
                    u190 00E9                      u191 00E8                      _ISR 007B  
                   ?_ISR 0070                     i1l50 00D8                     i1l43 00AA  
                   i1l46 00B7                     i1l79 012A                     _TMR1 000E  
                   _main 002F                     btemp 007E                     start 000C  
                  ??_ISR 0070      __end_of_Antirrebote 00EE                    ?_main 0070  
                  _ANSEL 0188                    i1l813 00BE                    i1l815 00C6  
                  i1l817 00C9                    i1l771 0120                    i1l819 00CE  
                  i1l861 0089                    i1l863 00A5                    i1l865 00A9  
                  i1l857 007B                    i1l867 00B2                    i1l859 0081  
                  u12_20 00C6                    u12_21 00C5                    u15_20 0081  
                  u15_21 0080                    u16_20 0089                    u16_21 0088  
                  u17_20 00A5                    u17_25 0098                    u17_26 0099  
                  u17_27 009E                    u18_20 00B2                    u17_28 009F  
                  u18_21 00B1                    u17_29 00A4                    _Delay 0076  
                  pclath 000A                    status 0003                    wtemp0 007E  
        ??i1_Timer1_Stop 0070          __initialization 000F             __end_of_main 007B  
                 ??_main 0026       __size_of_Fin_Delay 001B                   _ANSELH 0189  
          ??_Timer1_Init 0024              _Antirrebote 00D9            ??_Timer1_Stop 0024  
                 _Tiempo 0020                   saved_w 007E  __end_of__initialization 002B  
      __end_of_Fin_Delay 00D9           __pcstackCOMMON 0070             __pidataBANK0 012B  
    __end_of_Timer1_Init 0102      __end_of_Timer1_Stop 0120            ?_Timer1_Start 0070  
             __pmaintext 002F               __pintentry 0004           ??_Timer1_Start 0024  
            _Timer1_Init 00EE              _Timer1_Stop 0115                  __ptext1 0115  
                __ptext2 0102                  __ptext3 00EE                  __ptext4 00D9  
                __ptext5 007B                  __ptext6 00BE                  __ptext7 0120  
           __size_of_ISR 0043                _T1CONbits 0010     end_of_initialization 002B  
           ?_Antirrebote 0070    __end_ofi1_Timer1_Stop 012B                _PORTBbits 0006  
              _TRISBbits 0086                _Fin_Delay 00BE     __end_of_Timer1_Start 0115  
    start_initialization 000F              __end_of_ISR 00BE               ?_Fin_Delay 0070  
            __pdataBANK0 0020              __pbssCOMMON 0076                ___latbits 0002  
          __pcstackBANK0 0024             ?_Timer1_Init 0070             ?_Timer1_Stop 0070  
   __size_of_Antirrebote 0015        interrupt_function 0004                 _PIE1bits 008C  
               _PIR1bits 000C              ??_Fin_Delay 0070    __size_of_Timer1_Start 0013  
           _Timer1_Start 0102   __size_ofi1_Timer1_Stop 000B            __size_of_main 004C  
   __size_of_Timer1_Init 0014     __size_of_Timer1_Stop 000B               _INTCONbits 000B  
               intlevel1 0000            i1_Timer1_Stop 0120            ??_Antirrebote 0024  
         ?i1_Timer1_Stop 0070  
