MPASM 5.87                          MAIN.ASM   6-2-2020  12:45:21         PAGE  1


LOC  OBJECT CODE     LINE SOURCE TEXT
  VALUE

                      00001 #INCLUDE <P16F84A.INC>    ;INLCUYE LA LIBRERIA
                      00001         LIST
                      00002 
                      00003 ;==========================================================================
                      00004 ; Build date : Jan 06 2020
                      00005 ;  MPASM PIC16F84A processor include
                      00006 ; 
                      00007 ;  (c) Copyright 1999-2020 Microchip Technology, All rights reserved
                      00008 ;==========================================================================
                      00009 
                      00209         LIST
                      00002 LIST P=16F84A   ;Procesador
                      00003     
                      00004 ORG 0   ;Incio
0000   1683           00005     BSF STATUS,5    ;Banco 1
0001   1306           00006     BCF TRISB,6     ;Pin 6 como salida
0002   1106           00007     BCF TRISB,2     ;Pin 2 como salida
0003   1585           00008     BSF TRISA,3     ;Pin 2 como entrada
0004   1283           00009     BCF STATUS,5    ;De vuelta Banco 0
0005   2???           00010     GOTO    VERIFICA
                      00011     
0006                  00012 VERIFICA:
0006   1D85           00013     BTFSS   PORTA,3 ;RA3 == 1 ?
0007   2???           00014     GOTO    APAGAR
0008   2???           00015     GOTO    INICIO
                      00016     
0009                  00017 APAGAR:
0009   1306           00018     BCF PORTB,6
000A   1106           00019     BCF PORTB,2
000B   2???           00020     GOTO    VERIFICA
                      00021     
000C                  00022 INICIO:
000C   1706           00023     BSF PORTB,6     ;Pongo '1' pin 6 del puerto B
000D   1506           00024     BSF PORTB,2     ;RB2 = 1
000E   2???           00025     GOTO    VERIFICA
                      00026 END
MPASM 5.87                          MAIN.ASM   6-2-2020  12:45:21         PAGE  2


SYMBOL TABLE
  LABEL                             VALUE 

APAGAR                            00000009
C                                 00000000
DC                                00000001
EEADR                             00000009
EECON1                            00000088
EECON2                            00000089
EEDATA                            00000008
EEIE                              00000006
EEIF                              00000004
F                                 00000001
FSR                               00000004
GIE                               00000007
INDF                              00000000
INICIO                            0000000C
INTCON                            0000000B
INTE                              00000004
INTEDG                            00000006
INTF                              00000001
IRP                               00000007
NOT_PD                            00000003
NOT_RBPU                          00000007
NOT_TO                            00000004
OPTION_REG                        00000081
PCL                               00000002
PCLATH                            0000000A
PORTA                             00000005
PORTB                             00000006
PS0                               00000000
PS1                               00000001
PS2                               00000002
PSA                               00000003
RA0                               00000000
RA1                               00000001
RA2                               00000002
RA3                               00000003
RA4                               00000004
RB0                               00000000
RB1                               00000001
RB2                               00000002
RB3                               00000003
RB4                               00000004
RB5                               00000005
RB6                               00000006
RB7                               00000007
RBIE                              00000003
RBIF                              00000000
RD                                00000000
RP0                               00000005
RP1                               00000006
STATUS                            00000003
T0CS                              00000005
T0IE                              00000005
T0IF                              00000002
MPASM 5.87                          MAIN.ASM   6-2-2020  12:45:21         PAGE  3


SYMBOL TABLE
  LABEL                             VALUE 

T0SE                              00000004
TMR0                              00000001
TMR0IE                            00000005
TMR0IF                            00000002
TRISA                             00000085
TRISA0                            00000000
TRISA1                            00000001
TRISA2                            00000002
TRISA3                            00000003
TRISA4                            00000004
TRISB                             00000086
TRISB0                            00000000
TRISB1                            00000001
TRISB2                            00000002
TRISB3                            00000003
TRISB4                            00000004
TRISB5                            00000005
TRISB6                            00000006
TRISB7                            00000007
VERIFICA                          00000006
W                                 00000000
WR                                00000001
WREN                              00000002
WRERR                             00000003
Z                                 00000002
_CONFIG                           00002007
_CP_OFF                           00003FFF
_CP_ON                            0000000F
_DEVID1                           00002006
_FOSC_EXTRC                       00003FFF
_FOSC_HS                          00003FFE
_FOSC_LP                          00003FFC
_FOSC_XT                          00003FFD
_HS_OSC                           00003FFE
_IDLOC0                           00002000
_IDLOC1                           00002001
_IDLOC2                           00002002
_IDLOC3                           00002003
_LP_OSC                           00003FFC
_PWRTE_OFF                        00003FFF
_PWRTE_ON                         00003FF7
_RC_OSC                           00003FFF
_WDTE_OFF                         00003FFB
_WDTE_ON                          00003FFF
_WDT_OFF                          00003FFB
_WDT_ON                           00003FFF
_XT_OSC                           00003FFD
__16F84A                          00000001

Errors   :     0
Warnings :     0 reported,     3 suppressed
Messages :     0 reported,     3 suppressed

